Analysis & Synthesis report for aes
Mon Nov 25 18:15:00 2019
Quartus II 64-Bit Version 13.0.1 Build 232 06/12/2013 Service Pack 1 SJ Web Edition


---------------------
; Table of Contents ;
---------------------
  1. Legal Notice
  2. Analysis & Synthesis Summary
  3. Analysis & Synthesis Settings
  4. Parallel Compilation
  5. Analysis & Synthesis Source Files Read
  6. Analysis & Synthesis Resource Usage Summary
  7. Analysis & Synthesis Resource Utilization by Entity
  8. General Register Statistics
  9. Port Connectivity Checks: "aescipher:u1|rounndlast:r10"
 10. Port Connectivity Checks: "aescipher:u1|rounds:r9"
 11. Port Connectivity Checks: "aescipher:u1|rounds:r8"
 12. Port Connectivity Checks: "aescipher:u1|rounds:r7"
 13. Port Connectivity Checks: "aescipher:u1|rounds:r6"
 14. Port Connectivity Checks: "aescipher:u1|rounds:r5"
 15. Port Connectivity Checks: "aescipher:u1|rounds:r4"
 16. Port Connectivity Checks: "aescipher:u1|rounds:r3"
 17. Port Connectivity Checks: "aescipher:u1|rounds:r2"
 18. Port Connectivity Checks: "aescipher:u1|rounds:r1"
 19. Port Connectivity Checks: "aescipher:u1"
 20. Elapsed Time Per Partition
 21. Analysis & Synthesis Messages



----------------
; Legal Notice ;
----------------
Copyright (C) 1991-2013 Altera Corporation
Your use of Altera Corporation's design tools, logic functions 
and other software and tools, and its AMPP partner logic 
functions, and any output files from any of the foregoing 
(including device programming or simulation files), and any 
associated documentation or information are expressly subject 
to the terms and conditions of the Altera Program License 
Subscription Agreement, Altera MegaCore Function License 
Agreement, or other applicable license agreement, including, 
without limitation, that your use is for the sole purpose of 
programming logic devices manufactured by Altera and sold by 
Altera or its authorized distributors.  Please refer to the 
applicable agreement for further details.



+--------------------------------------------------------------------------------------+
; Analysis & Synthesis Summary                                                         ;
+------------------------------------+-------------------------------------------------+
; Analysis & Synthesis Status        ; Successful - Mon Nov 25 18:15:00 2019           ;
; Quartus II 64-Bit Version          ; 13.0.1 Build 232 06/12/2013 SP 1 SJ Web Edition ;
; Revision Name                      ; aes                                             ;
; Top-level Entity Name              ; AES_TOP                                         ;
; Family                             ; Cyclone IV GX                                   ;
; Total logic elements               ; 0                                               ;
;     Total combinational functions  ; 0                                               ;
;     Dedicated logic registers      ; 0                                               ;
; Total registers                    ; 0                                               ;
; Total pins                         ; 257                                             ;
; Total virtual pins                 ; 0                                               ;
; Total memory bits                  ; 0                                               ;
; Embedded Multiplier 9-bit elements ; 0                                               ;
; Total GXB Receiver Channel PCS     ; 0                                               ;
; Total GXB Receiver Channel PMA     ; 0                                               ;
; Total GXB Transmitter Channel PCS  ; 0                                               ;
; Total GXB Transmitter Channel PMA  ; 0                                               ;
; Total PLLs                         ; 0                                               ;
+------------------------------------+-------------------------------------------------+


+----------------------------------------------------------------------------------------------------------------------+
; Analysis & Synthesis Settings                                                                                        ;
+----------------------------------------------------------------------------+--------------------+--------------------+
; Option                                                                     ; Setting            ; Default Value      ;
+----------------------------------------------------------------------------+--------------------+--------------------+
; Top-level entity name                                                      ; AES_TOP            ; aes                ;
; Family name                                                                ; Cyclone IV GX      ; Cyclone IV GX      ;
; Use smart compilation                                                      ; Off                ; Off                ;
; Enable parallel Assembler and TimeQuest Timing Analyzer during compilation ; On                 ; On                 ;
; Enable compact report table                                                ; Off                ; Off                ;
; Restructure Multiplexers                                                   ; Auto               ; Auto               ;
; Create Debugging Nodes for IP Cores                                        ; Off                ; Off                ;
; Preserve fewer node names                                                  ; On                 ; On                 ;
; Disable OpenCore Plus hardware evaluation                                  ; Off                ; Off                ;
; Verilog Version                                                            ; Verilog_2001       ; Verilog_2001       ;
; VHDL Version                                                               ; VHDL_1993          ; VHDL_1993          ;
; State Machine Processing                                                   ; Auto               ; Auto               ;
; Safe State Machine                                                         ; Off                ; Off                ;
; Extract Verilog State Machines                                             ; On                 ; On                 ;
; Extract VHDL State Machines                                                ; On                 ; On                 ;
; Ignore Verilog initial constructs                                          ; Off                ; Off                ;
; Iteration limit for constant Verilog loops                                 ; 5000               ; 5000               ;
; Iteration limit for non-constant Verilog loops                             ; 250                ; 250                ;
; Add Pass-Through Logic to Inferred RAMs                                    ; On                 ; On                 ;
; Infer RAMs from Raw Logic                                                  ; On                 ; On                 ;
; Parallel Synthesis                                                         ; On                 ; On                 ;
; DSP Block Balancing                                                        ; Auto               ; Auto               ;
; NOT Gate Push-Back                                                         ; On                 ; On                 ;
; Power-Up Don't Care                                                        ; On                 ; On                 ;
; Remove Redundant Logic Cells                                               ; Off                ; Off                ;
; Remove Duplicate Registers                                                 ; On                 ; On                 ;
; Ignore CARRY Buffers                                                       ; Off                ; Off                ;
; Ignore CASCADE Buffers                                                     ; Off                ; Off                ;
; Ignore GLOBAL Buffers                                                      ; Off                ; Off                ;
; Ignore ROW GLOBAL Buffers                                                  ; Off                ; Off                ;
; Ignore LCELL Buffers                                                       ; Off                ; Off                ;
; Ignore SOFT Buffers                                                        ; On                 ; On                 ;
; Limit AHDL Integers to 32 Bits                                             ; Off                ; Off                ;
; Optimization Technique                                                     ; Balanced           ; Balanced           ;
; Carry Chain Length                                                         ; 70                 ; 70                 ;
; Auto Carry Chains                                                          ; On                 ; On                 ;
; Auto Open-Drain Pins                                                       ; On                 ; On                 ;
; Perform WYSIWYG Primitive Resynthesis                                      ; Off                ; Off                ;
; Auto ROM Replacement                                                       ; On                 ; On                 ;
; Auto RAM Replacement                                                       ; On                 ; On                 ;
; Auto DSP Block Replacement                                                 ; On                 ; On                 ;
; Auto Shift Register Replacement                                            ; Auto               ; Auto               ;
; Allow Shift Register Merging across Hierarchies                            ; Auto               ; Auto               ;
; Auto Clock Enable Replacement                                              ; On                 ; On                 ;
; Strict RAM Replacement                                                     ; Off                ; Off                ;
; Allow Synchronous Control Signals                                          ; On                 ; On                 ;
; Force Use of Synchronous Clear Signals                                     ; Off                ; Off                ;
; Auto RAM Block Balancing                                                   ; On                 ; On                 ;
; Auto RAM to Logic Cell Conversion                                          ; Off                ; Off                ;
; Auto Resource Sharing                                                      ; Off                ; Off                ;
; Allow Any RAM Size For Recognition                                         ; Off                ; Off                ;
; Allow Any ROM Size For Recognition                                         ; Off                ; Off                ;
; Allow Any Shift Register Size For Recognition                              ; Off                ; Off                ;
; Use LogicLock Constraints during Resource Balancing                        ; On                 ; On                 ;
; Ignore translate_off and synthesis_off directives                          ; Off                ; Off                ;
; Timing-Driven Synthesis                                                    ; On                 ; On                 ;
; Report Parameter Settings                                                  ; On                 ; On                 ;
; Report Source Assignments                                                  ; On                 ; On                 ;
; Report Connectivity Checks                                                 ; On                 ; On                 ;
; Ignore Maximum Fan-Out Assignments                                         ; Off                ; Off                ;
; Synchronization Register Chain Length                                      ; 2                  ; 2                  ;
; PowerPlay Power Optimization                                               ; Normal compilation ; Normal compilation ;
; HDL message level                                                          ; Level2             ; Level2             ;
; Suppress Register Optimization Related Messages                            ; Off                ; Off                ;
; Number of Removed Registers Reported in Synthesis Report                   ; 5000               ; 5000               ;
; Number of Swept Nodes Reported in Synthesis Report                         ; 5000               ; 5000               ;
; Number of Inverted Registers Reported in Synthesis Report                  ; 100                ; 100                ;
; Clock MUX Protection                                                       ; On                 ; On                 ;
; Auto Gated Clock Conversion                                                ; Off                ; Off                ;
; Block Design Naming                                                        ; Auto               ; Auto               ;
; SDC constraint protection                                                  ; Off                ; Off                ;
; Synthesis Effort                                                           ; Auto               ; Auto               ;
; Shift Register Replacement - Allow Asynchronous Clear Signal               ; On                 ; On                 ;
; Pre-Mapping Resynthesis Optimization                                       ; Off                ; Off                ;
; Analysis & Synthesis Message Level                                         ; Medium             ; Medium             ;
; Disable Register Merging Across Hierarchies                                ; Auto               ; Auto               ;
; Resource Aware Inference For Block RAM                                     ; On                 ; On                 ;
; Synthesis Seed                                                             ; 1                  ; 1                  ;
+----------------------------------------------------------------------------+--------------------+--------------------+


Parallel compilation was disabled, but you have multiple processors available. Enable parallel compilation to reduce compilation time.
+-------------------------------------+
; Parallel Compilation                ;
+----------------------------+--------+
; Processors                 ; Number ;
+----------------------------+--------+
; Number detected on machine ; 4      ;
; Maximum allowed            ; 1      ;
+----------------------------+--------+


+------------------------------------------------------------------------------------------------------------------------------------------------------------------------------------------------+
; Analysis & Synthesis Source Files Read                                                                                                                                                         ;
+----------------------------------+-----------------+------------------------+--------------------------------------------------------------------------------------------------------+---------+
; File Name with User-Entered Path ; Used in Netlist ; File Type              ; File Name with Absolute Path                                                                           ; Library ;
+----------------------------------+-----------------+------------------------+--------------------------------------------------------------------------------------------------------+---------+
; AES_TOP.v                        ; yes             ; User Verilog HDL File  ; E:/Rezqy/Kuliah/Kuliah/Semester 5/Perancangan Sistem Digital/Tugas Akhir/AES coba mbuh/AES_TOP.v       ;         ;
; aescipher.v                      ; yes             ; User Verilog HDL File  ; E:/Rezqy/Kuliah/Kuliah/Semester 5/Perancangan Sistem Digital/Tugas Akhir/AES coba mbuh/aescipher.v     ;         ;
; KeyGeneration.v                  ; yes             ; User Verilog HDL File  ; E:/Rezqy/Kuliah/Kuliah/Semester 5/Perancangan Sistem Digital/Tugas Akhir/AES coba mbuh/KeyGeneration.v ;         ;
; mixcolumn.v                      ; yes             ; User Verilog HDL File  ; E:/Rezqy/Kuliah/Kuliah/Semester 5/Perancangan Sistem Digital/Tugas Akhir/AES coba mbuh/mixcolumn.v     ;         ;
; rounds.v                         ; yes             ; User Verilog HDL File  ; E:/Rezqy/Kuliah/Kuliah/Semester 5/Perancangan Sistem Digital/Tugas Akhir/AES coba mbuh/rounds.v        ;         ;
; rounndlast.v                     ; yes             ; User Verilog HDL File  ; E:/Rezqy/Kuliah/Kuliah/Semester 5/Perancangan Sistem Digital/Tugas Akhir/AES coba mbuh/rounndlast.v    ;         ;
; sbox.v                           ; yes             ; User Verilog HDL File  ; E:/Rezqy/Kuliah/Kuliah/Semester 5/Perancangan Sistem Digital/Tugas Akhir/AES coba mbuh/sbox.v          ;         ;
; shiftrow.v                       ; yes             ; User Verilog HDL File  ; E:/Rezqy/Kuliah/Kuliah/Semester 5/Perancangan Sistem Digital/Tugas Akhir/AES coba mbuh/shiftrow.v      ;         ;
; subbytes.v                       ; yes             ; User Verilog HDL File  ; E:/Rezqy/Kuliah/Kuliah/Semester 5/Perancangan Sistem Digital/Tugas Akhir/AES coba mbuh/subbytes.v      ;         ;
+----------------------------------+-----------------+------------------------+--------------------------------------------------------------------------------------------------------+---------+


+---------------------------------------------+
; Analysis & Synthesis Resource Usage Summary ;
+--------------------------+------------------+
; Resource                 ; Usage            ;
+--------------------------+------------------+
; I/O pins                 ; 257              ;
; DSP block 9-bit elements ; 0                ;
; Maximum fan-out node     ; startin[0]       ;
; Maximum fan-out          ; 1                ;
; Total fan-out            ; 257              ;
; Average fan-out          ; 0.50             ;
+--------------------------+------------------+


+-----------------------------------------------------------------------------------------------------------------------------------------------------------------------------------------+
; Analysis & Synthesis Resource Utilization by Entity                                                                                                                                     ;
+----------------------------+-------------------+--------------+-------------+--------------+---------+-----------+-----------+------+--------------+---------------------+--------------+
; Compilation Hierarchy Node ; LC Combinationals ; LC Registers ; Memory Bits ; DSP Elements ; DSP 9x9 ; DSP 18x18 ; DSP 36x36 ; Pins ; Virtual Pins ; Full Hierarchy Name ; Library Name ;
+----------------------------+-------------------+--------------+-------------+--------------+---------+-----------+-----------+------+--------------+---------------------+--------------+
; |AES_TOP                   ; 0 (0)             ; 0 (0)        ; 0           ; 0            ; 0       ; 0         ; 0         ; 257  ; 0            ; |AES_TOP            ; work         ;
+----------------------------+-------------------+--------------+-------------+--------------+---------+-----------+-----------+------+--------------+---------------------+--------------+
Note: For table entries with two numbers listed, the numbers in parentheses indicate the number of resources of the given type used by the specific entity alone. The numbers listed outside of parentheses indicate the total resources of the given type used by the specific entity and all of its sub-entities in the hierarchy.


+------------------------------------------------------+
; General Register Statistics                          ;
+----------------------------------------------+-------+
; Statistic                                    ; Value ;
+----------------------------------------------+-------+
; Total registers                              ; 0     ;
; Number of registers using Synchronous Clear  ; 0     ;
; Number of registers using Synchronous Load   ; 0     ;
; Number of registers using Asynchronous Clear ; 0     ;
; Number of registers using Asynchronous Load  ; 0     ;
; Number of registers using Clock Enable       ; 0     ;
; Number of registers using Preset             ; 0     ;
+----------------------------------------------+-------+


+---------------------------------------------------------+
; Port Connectivity Checks: "aescipher:u1|rounndlast:r10" ;
+----------+-------+----------+---------------------------+
; Port     ; Type  ; Severity ; Details                   ;
+----------+-------+----------+---------------------------+
; rc[2..1] ; Input ; Info     ; Stuck at GND              ;
; rc[3]    ; Input ; Info     ; Stuck at VCC              ;
; rc[0]    ; Input ; Info     ; Stuck at VCC              ;
+----------+-------+----------+---------------------------+


+----------------------------------------------------+
; Port Connectivity Checks: "aescipher:u1|rounds:r9" ;
+----------+-------+----------+----------------------+
; Port     ; Type  ; Severity ; Details              ;
+----------+-------+----------+----------------------+
; rc[2..0] ; Input ; Info     ; Stuck at GND         ;
; rc[3]    ; Input ; Info     ; Stuck at VCC         ;
+----------+-------+----------+----------------------+


+----------------------------------------------------+
; Port Connectivity Checks: "aescipher:u1|rounds:r8" ;
+----------+-------+----------+----------------------+
; Port     ; Type  ; Severity ; Details              ;
+----------+-------+----------+----------------------+
; rc[2..0] ; Input ; Info     ; Stuck at VCC         ;
; rc[3]    ; Input ; Info     ; Stuck at GND         ;
+----------+-------+----------+----------------------+


+----------------------------------------------------+
; Port Connectivity Checks: "aescipher:u1|rounds:r7" ;
+----------+-------+----------+----------------------+
; Port     ; Type  ; Severity ; Details              ;
+----------+-------+----------+----------------------+
; rc[2..1] ; Input ; Info     ; Stuck at VCC         ;
; rc[3]    ; Input ; Info     ; Stuck at GND         ;
; rc[0]    ; Input ; Info     ; Stuck at GND         ;
+----------+-------+----------+----------------------+


+----------------------------------------------------+
; Port Connectivity Checks: "aescipher:u1|rounds:r6" ;
+-------+-------+----------+-------------------------+
; Port  ; Type  ; Severity ; Details                 ;
+-------+-------+----------+-------------------------+
; rc[3] ; Input ; Info     ; Stuck at GND            ;
; rc[2] ; Input ; Info     ; Stuck at VCC            ;
; rc[1] ; Input ; Info     ; Stuck at GND            ;
; rc[0] ; Input ; Info     ; Stuck at VCC            ;
+-------+-------+----------+-------------------------+


+----------------------------------------------------+
; Port Connectivity Checks: "aescipher:u1|rounds:r5" ;
+----------+-------+----------+----------------------+
; Port     ; Type  ; Severity ; Details              ;
+----------+-------+----------+----------------------+
; rc[1..0] ; Input ; Info     ; Stuck at GND         ;
; rc[3]    ; Input ; Info     ; Stuck at GND         ;
; rc[2]    ; Input ; Info     ; Stuck at VCC         ;
+----------+-------+----------+----------------------+


+----------------------------------------------------+
; Port Connectivity Checks: "aescipher:u1|rounds:r4" ;
+----------+-------+----------+----------------------+
; Port     ; Type  ; Severity ; Details              ;
+----------+-------+----------+----------------------+
; rc[1..0] ; Input ; Info     ; Stuck at VCC         ;
; rc[3..2] ; Input ; Info     ; Stuck at GND         ;
+----------+-------+----------+----------------------+


+----------------------------------------------------+
; Port Connectivity Checks: "aescipher:u1|rounds:r3" ;
+----------+-------+----------+----------------------+
; Port     ; Type  ; Severity ; Details              ;
+----------+-------+----------+----------------------+
; rc[3..2] ; Input ; Info     ; Stuck at GND         ;
; rc[1]    ; Input ; Info     ; Stuck at VCC         ;
; rc[0]    ; Input ; Info     ; Stuck at GND         ;
+----------+-------+----------+----------------------+


+----------------------------------------------------+
; Port Connectivity Checks: "aescipher:u1|rounds:r2" ;
+----------+-------+----------+----------------------+
; Port     ; Type  ; Severity ; Details              ;
+----------+-------+----------+----------------------+
; rc[3..1] ; Input ; Info     ; Stuck at GND         ;
; rc[0]    ; Input ; Info     ; Stuck at VCC         ;
+----------+-------+----------+----------------------+


+----------------------------------------------------+
; Port Connectivity Checks: "aescipher:u1|rounds:r1" ;
+------+-------+----------+--------------------------+
; Port ; Type  ; Severity ; Details                  ;
+------+-------+----------+--------------------------+
; rc   ; Input ; Info     ; Stuck at GND             ;
+------+-------+----------+--------------------------+


+----------------------------------------------------+
; Port Connectivity Checks: "aescipher:u1"           ;
+------------------+-------+----------+--------------+
; Port             ; Type  ; Severity ; Details      ;
+------------------+-------+----------+--------------+
; datain[127..125] ; Input ; Info     ; Stuck at VCC ;
; datain[120..119] ; Input ; Info     ; Stuck at VCC ;
; datain[103..99]  ; Input ; Info     ; Stuck at VCC ;
; datain[84..81]   ; Input ; Info     ; Stuck at VCC ;
; datain[76..73]   ; Input ; Info     ; Stuck at VCC ;
; datain[70..69]   ; Input ; Info     ; Stuck at VCC ;
; datain[67..63]   ; Input ; Info     ; Stuck at VCC ;
; datain[61..56]   ; Input ; Info     ; Stuck at VCC ;
; datain[53..51]   ; Input ; Info     ; Stuck at VCC ;
; datain[33..32]   ; Input ; Info     ; Stuck at VCC ;
; datain[30..27]   ; Input ; Info     ; Stuck at VCC ;
; datain[23..22]   ; Input ; Info     ; Stuck at VCC ;
; datain[20..18]   ; Input ; Info     ; Stuck at VCC ;
; datain[13..10]   ; Input ; Info     ; Stuck at VCC ;
; datain[2..1]     ; Input ; Info     ; Stuck at VCC ;
; datain[122..121] ; Input ; Info     ; Stuck at GND ;
; datain[118..117] ; Input ; Info     ; Stuck at GND ;
; datain[113..111] ; Input ; Info     ; Stuck at GND ;
; datain[109..106] ; Input ; Info     ; Stuck at GND ;
; datain[98..96]   ; Input ; Info     ; Stuck at GND ;
; datain[94..93]   ; Input ; Info     ; Stuck at GND ;
; datain[91..90]   ; Input ; Info     ; Stuck at GND ;
; datain[88..85]   ; Input ; Info     ; Stuck at GND ;
; datain[80..77]   ; Input ; Info     ; Stuck at GND ;
; datain[72..71]   ; Input ; Info     ; Stuck at GND ;
; datain[55..54]   ; Input ; Info     ; Stuck at GND ;
; datain[48..45]   ; Input ; Info     ; Stuck at GND ;
; datain[43..42]   ; Input ; Info     ; Stuck at GND ;
; datain[40..39]   ; Input ; Info     ; Stuck at GND ;
; datain[35..34]   ; Input ; Info     ; Stuck at GND ;
; datain[17..14]   ; Input ; Info     ; Stuck at GND ;
; datain[5..3]     ; Input ; Info     ; Stuck at GND ;
; datain[124]      ; Input ; Info     ; Stuck at GND ;
; datain[123]      ; Input ; Info     ; Stuck at VCC ;
; datain[116]      ; Input ; Info     ; Stuck at VCC ;
; datain[115]      ; Input ; Info     ; Stuck at GND ;
; datain[114]      ; Input ; Info     ; Stuck at VCC ;
; datain[110]      ; Input ; Info     ; Stuck at VCC ;
; datain[105]      ; Input ; Info     ; Stuck at VCC ;
; datain[104]      ; Input ; Info     ; Stuck at GND ;
; datain[95]       ; Input ; Info     ; Stuck at VCC ;
; datain[92]       ; Input ; Info     ; Stuck at VCC ;
; datain[89]       ; Input ; Info     ; Stuck at VCC ;
; datain[68]       ; Input ; Info     ; Stuck at GND ;
; datain[62]       ; Input ; Info     ; Stuck at GND ;
; datain[50]       ; Input ; Info     ; Stuck at GND ;
; datain[49]       ; Input ; Info     ; Stuck at VCC ;
; datain[44]       ; Input ; Info     ; Stuck at VCC ;
; datain[41]       ; Input ; Info     ; Stuck at VCC ;
; datain[38]       ; Input ; Info     ; Stuck at VCC ;
; datain[37]       ; Input ; Info     ; Stuck at GND ;
; datain[36]       ; Input ; Info     ; Stuck at VCC ;
; datain[31]       ; Input ; Info     ; Stuck at GND ;
; datain[26]       ; Input ; Info     ; Stuck at GND ;
; datain[25]       ; Input ; Info     ; Stuck at VCC ;
; datain[24]       ; Input ; Info     ; Stuck at GND ;
; datain[21]       ; Input ; Info     ; Stuck at GND ;
; datain[9]        ; Input ; Info     ; Stuck at GND ;
; datain[8]        ; Input ; Info     ; Stuck at VCC ;
; datain[7]        ; Input ; Info     ; Stuck at GND ;
; datain[6]        ; Input ; Info     ; Stuck at VCC ;
; datain[0]        ; Input ; Info     ; Stuck at GND ;
; key[101..100]    ; Input ; Info     ; Stuck at VCC ;
; key[97..96]      ; Input ; Info     ; Stuck at VCC ;
; key[78..77]      ; Input ; Info     ; Stuck at VCC ;
; key[74..73]      ; Input ; Info     ; Stuck at VCC ;
; key[70..68]      ; Input ; Info     ; Stuck at VCC ;
; key[66..63]      ; Input ; Info     ; Stuck at VCC ;
; key[52..51]      ; Input ; Info     ; Stuck at VCC ;
; key[48..47]      ; Input ; Info     ; Stuck at VCC ;
; key[37..35]      ; Input ; Info     ; Stuck at VCC ;
; key[33..30]      ; Input ; Info     ; Stuck at VCC ;
; key[27..26]      ; Input ; Info     ; Stuck at VCC ;
; key[23..22]      ; Input ; Info     ; Stuck at VCC ;
; key[20..18]      ; Input ; Info     ; Stuck at VCC ;
; key[16..13]      ; Input ; Info     ; Stuck at VCC ;
; key[11..9]       ; Input ; Info     ; Stuck at VCC ;
; key[7..0]        ; Input ; Info     ; Stuck at VCC ;
; key[127..117]    ; Input ; Info     ; Stuck at GND ;
; key[115..113]    ; Input ; Info     ; Stuck at GND ;
; key[111..110]    ; Input ; Info     ; Stuck at GND ;
; key[108..106]    ; Input ; Info     ; Stuck at GND ;
; key[104..102]    ; Input ; Info     ; Stuck at GND ;
; key[99..98]      ; Input ; Info     ; Stuck at GND ;
; key[93..91]      ; Input ; Info     ; Stuck at GND ;
; key[89..87]      ; Input ; Info     ; Stuck at GND ;
; key[76..75]      ; Input ; Info     ; Stuck at GND ;
; key[72..71]      ; Input ; Info     ; Stuck at GND ;
; key[62..60]      ; Input ; Info     ; Stuck at GND ;
; key[58..56]      ; Input ; Info     ; Stuck at GND ;
; key[54..53]      ; Input ; Info     ; Stuck at GND ;
; key[50..49]      ; Input ; Info     ; Stuck at GND ;
; key[29..28]      ; Input ; Info     ; Stuck at GND ;
; key[25..24]      ; Input ; Info     ; Stuck at GND ;
; key[116]         ; Input ; Info     ; Stuck at VCC ;
; key[112]         ; Input ; Info     ; Stuck at VCC ;
; key[109]         ; Input ; Info     ; Stuck at VCC ;
; key[105]         ; Input ; Info     ; Stuck at VCC ;
; key[95]          ; Input ; Info     ; Stuck at GND ;
; key[94]          ; Input ; Info     ; Stuck at VCC ;
; key[90]          ; Input ; Info     ; Stuck at VCC ;
; key[86]          ; Input ; Info     ; Stuck at VCC ;
; key[85]          ; Input ; Info     ; Stuck at GND ;
; key[84]          ; Input ; Info     ; Stuck at VCC ;
; key[83]          ; Input ; Info     ; Stuck at GND ;
; key[82]          ; Input ; Info     ; Stuck at VCC ;
; key[81]          ; Input ; Info     ; Stuck at GND ;
; key[80]          ; Input ; Info     ; Stuck at VCC ;
; key[79]          ; Input ; Info     ; Stuck at GND ;
; key[67]          ; Input ; Info     ; Stuck at GND ;
; key[59]          ; Input ; Info     ; Stuck at VCC ;
; key[55]          ; Input ; Info     ; Stuck at VCC ;
; key[46]          ; Input ; Info     ; Stuck at GND ;
; key[45]          ; Input ; Info     ; Stuck at VCC ;
; key[44]          ; Input ; Info     ; Stuck at GND ;
; key[43]          ; Input ; Info     ; Stuck at VCC ;
; key[42]          ; Input ; Info     ; Stuck at GND ;
; key[41]          ; Input ; Info     ; Stuck at VCC ;
; key[40]          ; Input ; Info     ; Stuck at GND ;
; key[39]          ; Input ; Info     ; Stuck at VCC ;
; key[38]          ; Input ; Info     ; Stuck at GND ;
; key[34]          ; Input ; Info     ; Stuck at GND ;
; key[21]          ; Input ; Info     ; Stuck at GND ;
; key[17]          ; Input ; Info     ; Stuck at GND ;
; key[12]          ; Input ; Info     ; Stuck at GND ;
; key[8]           ; Input ; Info     ; Stuck at GND ;
+------------------+-------+----------+--------------+


+-------------------------------+
; Elapsed Time Per Partition    ;
+----------------+--------------+
; Partition Name ; Elapsed Time ;
+----------------+--------------+
; Top            ; 00:00:02     ;
+----------------+--------------+


+-------------------------------+
; Analysis & Synthesis Messages ;
+-------------------------------+
Info: *******************************************************************
Info: Running Quartus II 64-Bit Analysis & Synthesis
    Info: Version 13.0.1 Build 232 06/12/2013 Service Pack 1 SJ Web Edition
    Info: Processing started: Mon Nov 25 18:14:52 2019
Info: Command: quartus_map --read_settings_files=on --write_settings_files=off aes -c aes
Warning (20028): Parallel compilation is not licensed and has been disabled
Info (12021): Found 1 design units, including 1 entities, in source file aes_top.v
    Info (12023): Found entity 1: AES_TOP
Info (12021): Found 1 design units, including 1 entities, in source file aescipher.v
    Info (12023): Found entity 1: aescipher
Info (12021): Found 1 design units, including 1 entities, in source file keygeneration.v
    Info (12023): Found entity 1: KeyGeneration
Info (12021): Found 1 design units, including 1 entities, in source file mixcolumn.v
    Info (12023): Found entity 1: mixcolumn
Info (12021): Found 1 design units, including 1 entities, in source file rounds.v
    Info (12023): Found entity 1: rounds
Info (12021): Found 1 design units, including 1 entities, in source file rounndlast.v
    Info (12023): Found entity 1: rounndlast
Info (12021): Found 1 design units, including 1 entities, in source file sbox.v
    Info (12023): Found entity 1: sbox
Info (12021): Found 1 design units, including 1 entities, in source file shiftrow.v
    Info (12023): Found entity 1: shiftrow
Info (12021): Found 1 design units, including 1 entities, in source file subbytes.v
    Info (12023): Found entity 1: subbytes
Info (12127): Elaborating entity "AES_TOP" for the top level hierarchy
Info (12128): Elaborating entity "aescipher" for hierarchy "aescipher:u1"
Info (12128): Elaborating entity "rounds" for hierarchy "aescipher:u1|rounds:r1"
Info (12128): Elaborating entity "KeyGeneration" for hierarchy "aescipher:u1|rounds:r1|KeyGeneration:t0"
Info (12128): Elaborating entity "sbox" for hierarchy "aescipher:u1|rounds:r1|KeyGeneration:t0|sbox:a1"
Info (12128): Elaborating entity "subbytes" for hierarchy "aescipher:u1|rounds:r1|subbytes:t1"
Info (12128): Elaborating entity "shiftrow" for hierarchy "aescipher:u1|rounds:r1|shiftrow:t2"
Info (12128): Elaborating entity "mixcolumn" for hierarchy "aescipher:u1|rounds:r1|mixcolumn:t3"
Info (12128): Elaborating entity "rounndlast" for hierarchy "aescipher:u1|rounndlast:r10"
Info (276014): Found 200 instances of uninferred RAM logic
    Info (276007): RAM logic "aescipher:u1|rounds:r1|KeyGeneration:t0|sbox:a4|Ram0" is uninferred due to asynchronous read logic
    Info (276007): RAM logic "aescipher:u1|rounds:r3|KeyGeneration:t0|sbox:a4|Ram0" is uninferred due to asynchronous read logic
    Info (276007): RAM logic "aescipher:u1|rounds:r2|KeyGeneration:t0|sbox:a4|Ram0" is uninferred due to asynchronous read logic
    Info (276007): RAM logic "aescipher:u1|rounds:r4|KeyGeneration:t0|sbox:a4|Ram0" is uninferred due to asynchronous read logic
    Info (276007): RAM logic "aescipher:u1|rounds:r6|KeyGeneration:t0|sbox:a4|Ram0" is uninferred due to asynchronous read logic
    Info (276007): RAM logic "aescipher:u1|rounds:r8|KeyGeneration:t0|sbox:a4|Ram0" is uninferred due to asynchronous read logic
    Info (276007): RAM logic "aescipher:u1|rounndlast:r10|KeyGeneration:t0|sbox:a4|Ram0" is uninferred due to asynchronous read logic
    Info (276007): RAM logic "aescipher:u1|rounndlast:r10|subbytes:t1|sbox:q11|Ram0" is uninferred due to asynchronous read logic
    Info (276007): RAM logic "aescipher:u1|rounds:r1|KeyGeneration:t0|sbox:a3|Ram0" is uninferred due to asynchronous read logic
    Info (276007): RAM logic "aescipher:u1|rounds:r3|KeyGeneration:t0|sbox:a3|Ram0" is uninferred due to asynchronous read logic
    Info (276007): RAM logic "aescipher:u1|rounds:r2|KeyGeneration:t0|sbox:a3|Ram0" is uninferred due to asynchronous read logic
    Info (276007): RAM logic "aescipher:u1|rounds:r4|KeyGeneration:t0|sbox:a3|Ram0" is uninferred due to asynchronous read logic
    Info (276007): RAM logic "aescipher:u1|rounds:r6|KeyGeneration:t0|sbox:a3|Ram0" is uninferred due to asynchronous read logic
    Info (276007): RAM logic "aescipher:u1|rounds:r8|KeyGeneration:t0|sbox:a3|Ram0" is uninferred due to asynchronous read logic
    Info (276007): RAM logic "aescipher:u1|rounndlast:r10|KeyGeneration:t0|sbox:a3|Ram0" is uninferred due to asynchronous read logic
    Info (276007): RAM logic "aescipher:u1|rounndlast:r10|subbytes:t1|sbox:q6|Ram0" is uninferred due to asynchronous read logic
    Info (276007): RAM logic "aescipher:u1|rounds:r1|KeyGeneration:t0|sbox:a2|Ram0" is uninferred due to asynchronous read logic
    Info (276007): RAM logic "aescipher:u1|rounds:r3|KeyGeneration:t0|sbox:a2|Ram0" is uninferred due to asynchronous read logic
    Info (276007): RAM logic "aescipher:u1|rounds:r2|KeyGeneration:t0|sbox:a2|Ram0" is uninferred due to asynchronous read logic
    Info (276007): RAM logic "aescipher:u1|rounds:r4|KeyGeneration:t0|sbox:a2|Ram0" is uninferred due to asynchronous read logic
    Info (276007): RAM logic "aescipher:u1|rounds:r6|KeyGeneration:t0|sbox:a2|Ram0" is uninferred due to asynchronous read logic
    Info (276007): RAM logic "aescipher:u1|rounds:r8|KeyGeneration:t0|sbox:a2|Ram0" is uninferred due to asynchronous read logic
    Info (276007): RAM logic "aescipher:u1|rounndlast:r10|KeyGeneration:t0|sbox:a2|Ram0" is uninferred due to asynchronous read logic
    Info (276007): RAM logic "aescipher:u1|rounndlast:r10|subbytes:t1|sbox:q1|Ram0" is uninferred due to asynchronous read logic
    Info (276007): RAM logic "aescipher:u1|rounds:r1|KeyGeneration:t0|sbox:a1|Ram0" is uninferred due to asynchronous read logic
    Info (276007): RAM logic "aescipher:u1|rounds:r3|KeyGeneration:t0|sbox:a1|Ram0" is uninferred due to asynchronous read logic
    Info (276007): RAM logic "aescipher:u1|rounds:r2|KeyGeneration:t0|sbox:a1|Ram0" is uninferred due to asynchronous read logic
    Info (276007): RAM logic "aescipher:u1|rounds:r4|KeyGeneration:t0|sbox:a1|Ram0" is uninferred due to asynchronous read logic
    Info (276007): RAM logic "aescipher:u1|rounds:r6|KeyGeneration:t0|sbox:a1|Ram0" is uninferred due to asynchronous read logic
    Info (276007): RAM logic "aescipher:u1|rounds:r8|KeyGeneration:t0|sbox:a1|Ram0" is uninferred due to asynchronous read logic
    Info (276007): RAM logic "aescipher:u1|rounndlast:r10|KeyGeneration:t0|sbox:a1|Ram0" is uninferred due to asynchronous read logic
    Info (276007): RAM logic "aescipher:u1|rounndlast:r10|subbytes:t1|sbox:q12|Ram0" is uninferred due to asynchronous read logic
    Info (276007): RAM logic "aescipher:u1|rounds:r5|KeyGeneration:t0|sbox:a4|Ram0" is uninferred due to asynchronous read logic
    Info (276007): RAM logic "aescipher:u1|rounds:r7|KeyGeneration:t0|sbox:a4|Ram0" is uninferred due to asynchronous read logic
    Info (276007): RAM logic "aescipher:u1|rounds:r9|KeyGeneration:t0|sbox:a4|Ram0" is uninferred due to asynchronous read logic
    Info (276007): RAM logic "aescipher:u1|rounndlast:r10|subbytes:t1|sbox:q7|Ram0" is uninferred due to asynchronous read logic
    Info (276007): RAM logic "aescipher:u1|rounds:r5|KeyGeneration:t0|sbox:a3|Ram0" is uninferred due to asynchronous read logic
    Info (276007): RAM logic "aescipher:u1|rounds:r7|KeyGeneration:t0|sbox:a3|Ram0" is uninferred due to asynchronous read logic
    Info (276007): RAM logic "aescipher:u1|rounds:r9|KeyGeneration:t0|sbox:a3|Ram0" is uninferred due to asynchronous read logic
    Info (276007): RAM logic "aescipher:u1|rounndlast:r10|subbytes:t1|sbox:q2|Ram0" is uninferred due to asynchronous read logic
    Info (276007): RAM logic "aescipher:u1|rounds:r5|KeyGeneration:t0|sbox:a2|Ram0" is uninferred due to asynchronous read logic
    Info (276007): RAM logic "aescipher:u1|rounds:r7|KeyGeneration:t0|sbox:a2|Ram0" is uninferred due to asynchronous read logic
    Info (276007): RAM logic "aescipher:u1|rounds:r9|KeyGeneration:t0|sbox:a2|Ram0" is uninferred due to asynchronous read logic
    Info (276007): RAM logic "aescipher:u1|rounndlast:r10|subbytes:t1|sbox:q13|Ram0" is uninferred due to asynchronous read logic
    Info (276007): RAM logic "aescipher:u1|rounds:r5|KeyGeneration:t0|sbox:a1|Ram0" is uninferred due to asynchronous read logic
    Info (276007): RAM logic "aescipher:u1|rounds:r7|KeyGeneration:t0|sbox:a1|Ram0" is uninferred due to asynchronous read logic
    Info (276007): RAM logic "aescipher:u1|rounds:r9|KeyGeneration:t0|sbox:a1|Ram0" is uninferred due to asynchronous read logic
    Info (276007): RAM logic "aescipher:u1|rounndlast:r10|subbytes:t1|sbox:q8|Ram0" is uninferred due to asynchronous read logic
    Info (276007): RAM logic "aescipher:u1|rounndlast:r10|subbytes:t1|sbox:q3|Ram0" is uninferred due to asynchronous read logic
    Info (276007): RAM logic "aescipher:u1|rounndlast:r10|subbytes:t1|sbox:q14|Ram0" is uninferred due to asynchronous read logic
    Info (276007): RAM logic "aescipher:u1|rounndlast:r10|subbytes:t1|sbox:q9|Ram0" is uninferred due to asynchronous read logic
    Info (276007): RAM logic "aescipher:u1|rounndlast:r10|subbytes:t1|sbox:q4|Ram0" is uninferred due to asynchronous read logic
    Info (276007): RAM logic "aescipher:u1|rounndlast:r10|subbytes:t1|sbox:q16|Ram0" is uninferred due to asynchronous read logic
    Info (276007): RAM logic "aescipher:u1|rounndlast:r10|subbytes:t1|sbox:q10|Ram0" is uninferred due to asynchronous read logic
    Info (276007): RAM logic "aescipher:u1|rounndlast:r10|subbytes:t1|sbox:q5|Ram0" is uninferred due to asynchronous read logic
    Info (276007): RAM logic "aescipher:u1|rounndlast:r10|subbytes:t1|sbox:q0|Ram0" is uninferred due to asynchronous read logic
    Info (276007): RAM logic "aescipher:u1|rounds:r9|subbytes:t1|sbox:q2|Ram0" is uninferred due to asynchronous read logic
    Info (276007): RAM logic "aescipher:u1|rounds:r9|subbytes:t1|sbox:q7|Ram0" is uninferred due to asynchronous read logic
    Info (276007): RAM logic "aescipher:u1|rounds:r9|subbytes:t1|sbox:q8|Ram0" is uninferred due to asynchronous read logic
    Info (276007): RAM logic "aescipher:u1|rounds:r9|subbytes:t1|sbox:q13|Ram0" is uninferred due to asynchronous read logic
    Info (276007): RAM logic "aescipher:u1|rounds:r9|subbytes:t1|sbox:q3|Ram0" is uninferred due to asynchronous read logic
    Info (276007): RAM logic "aescipher:u1|rounds:r9|subbytes:t1|sbox:q4|Ram0" is uninferred due to asynchronous read logic
    Info (276007): RAM logic "aescipher:u1|rounds:r9|subbytes:t1|sbox:q9|Ram0" is uninferred due to asynchronous read logic
    Info (276007): RAM logic "aescipher:u1|rounds:r9|subbytes:t1|sbox:q14|Ram0" is uninferred due to asynchronous read logic
    Info (276007): RAM logic "aescipher:u1|rounds:r9|subbytes:t1|sbox:q0|Ram0" is uninferred due to asynchronous read logic
    Info (276007): RAM logic "aescipher:u1|rounds:r9|subbytes:t1|sbox:q5|Ram0" is uninferred due to asynchronous read logic
    Info (276007): RAM logic "aescipher:u1|rounds:r9|subbytes:t1|sbox:q10|Ram0" is uninferred due to asynchronous read logic
    Info (276007): RAM logic "aescipher:u1|rounds:r9|subbytes:t1|sbox:q16|Ram0" is uninferred due to asynchronous read logic
    Info (276007): RAM logic "aescipher:u1|rounds:r9|subbytes:t1|sbox:q1|Ram0" is uninferred due to asynchronous read logic
    Info (276007): RAM logic "aescipher:u1|rounds:r9|subbytes:t1|sbox:q6|Ram0" is uninferred due to asynchronous read logic
    Info (276007): RAM logic "aescipher:u1|rounds:r9|subbytes:t1|sbox:q11|Ram0" is uninferred due to asynchronous read logic
    Info (276007): RAM logic "aescipher:u1|rounds:r9|subbytes:t1|sbox:q12|Ram0" is uninferred due to asynchronous read logic
    Info (276007): RAM logic "aescipher:u1|rounds:r8|subbytes:t1|sbox:q0|Ram0" is uninferred due to asynchronous read logic
    Info (276007): RAM logic "aescipher:u1|rounds:r8|subbytes:t1|sbox:q5|Ram0" is uninferred due to asynchronous read logic
    Info (276007): RAM logic "aescipher:u1|rounds:r8|subbytes:t1|sbox:q10|Ram0" is uninferred due to asynchronous read logic
    Info (276007): RAM logic "aescipher:u1|rounds:r8|subbytes:t1|sbox:q16|Ram0" is uninferred due to asynchronous read logic
    Info (276007): RAM logic "aescipher:u1|rounds:r8|subbytes:t1|sbox:q3|Ram0" is uninferred due to asynchronous read logic
    Info (276007): RAM logic "aescipher:u1|rounds:r8|subbytes:t1|sbox:q4|Ram0" is uninferred due to asynchronous read logic
    Info (276007): RAM logic "aescipher:u1|rounds:r8|subbytes:t1|sbox:q9|Ram0" is uninferred due to asynchronous read logic
    Info (276007): RAM logic "aescipher:u1|rounds:r8|subbytes:t1|sbox:q14|Ram0" is uninferred due to asynchronous read logic
    Info (276007): RAM logic "aescipher:u1|rounds:r8|subbytes:t1|sbox:q2|Ram0" is uninferred due to asynchronous read logic
    Info (276007): RAM logic "aescipher:u1|rounds:r8|subbytes:t1|sbox:q7|Ram0" is uninferred due to asynchronous read logic
    Info (276007): RAM logic "aescipher:u1|rounds:r8|subbytes:t1|sbox:q8|Ram0" is uninferred due to asynchronous read logic
    Info (276007): RAM logic "aescipher:u1|rounds:r8|subbytes:t1|sbox:q13|Ram0" is uninferred due to asynchronous read logic
    Info (276007): RAM logic "aescipher:u1|rounds:r8|subbytes:t1|sbox:q1|Ram0" is uninferred due to asynchronous read logic
    Info (276007): RAM logic "aescipher:u1|rounds:r8|subbytes:t1|sbox:q6|Ram0" is uninferred due to asynchronous read logic
    Info (276007): RAM logic "aescipher:u1|rounds:r8|subbytes:t1|sbox:q11|Ram0" is uninferred due to asynchronous read logic
    Info (276007): RAM logic "aescipher:u1|rounds:r8|subbytes:t1|sbox:q12|Ram0" is uninferred due to asynchronous read logic
    Info (276007): RAM logic "aescipher:u1|rounds:r7|subbytes:t1|sbox:q0|Ram0" is uninferred due to asynchronous read logic
    Info (276007): RAM logic "aescipher:u1|rounds:r7|subbytes:t1|sbox:q5|Ram0" is uninferred due to asynchronous read logic
    Info (276007): RAM logic "aescipher:u1|rounds:r7|subbytes:t1|sbox:q10|Ram0" is uninferred due to asynchronous read logic
    Info (276007): RAM logic "aescipher:u1|rounds:r7|subbytes:t1|sbox:q16|Ram0" is uninferred due to asynchronous read logic
    Info (276007): RAM logic "aescipher:u1|rounds:r7|subbytes:t1|sbox:q3|Ram0" is uninferred due to asynchronous read logic
    Info (276007): RAM logic "aescipher:u1|rounds:r7|subbytes:t1|sbox:q4|Ram0" is uninferred due to asynchronous read logic
    Info (276007): RAM logic "aescipher:u1|rounds:r7|subbytes:t1|sbox:q9|Ram0" is uninferred due to asynchronous read logic
    Info (276007): RAM logic "aescipher:u1|rounds:r7|subbytes:t1|sbox:q14|Ram0" is uninferred due to asynchronous read logic
    Info (276007): RAM logic "aescipher:u1|rounds:r7|subbytes:t1|sbox:q2|Ram0" is uninferred due to asynchronous read logic
    Info (276007): RAM logic "aescipher:u1|rounds:r7|subbytes:t1|sbox:q7|Ram0" is uninferred due to asynchronous read logic
    Info (276007): RAM logic "aescipher:u1|rounds:r7|subbytes:t1|sbox:q8|Ram0" is uninferred due to asynchronous read logic
    Info (276007): RAM logic "aescipher:u1|rounds:r7|subbytes:t1|sbox:q13|Ram0" is uninferred due to asynchronous read logic
    Info (276007): RAM logic "aescipher:u1|rounds:r7|subbytes:t1|sbox:q1|Ram0" is uninferred due to asynchronous read logic
    Info (276007): RAM logic "aescipher:u1|rounds:r7|subbytes:t1|sbox:q6|Ram0" is uninferred due to asynchronous read logic
    Info (276007): RAM logic "aescipher:u1|rounds:r7|subbytes:t1|sbox:q11|Ram0" is uninferred due to asynchronous read logic
    Info (276007): RAM logic "aescipher:u1|rounds:r7|subbytes:t1|sbox:q12|Ram0" is uninferred due to asynchronous read logic
    Info (276007): RAM logic "aescipher:u1|rounds:r6|subbytes:t1|sbox:q0|Ram0" is uninferred due to asynchronous read logic
    Info (276007): RAM logic "aescipher:u1|rounds:r6|subbytes:t1|sbox:q5|Ram0" is uninferred due to asynchronous read logic
    Info (276007): RAM logic "aescipher:u1|rounds:r6|subbytes:t1|sbox:q10|Ram0" is uninferred due to asynchronous read logic
    Info (276007): RAM logic "aescipher:u1|rounds:r6|subbytes:t1|sbox:q16|Ram0" is uninferred due to asynchronous read logic
    Info (276007): RAM logic "aescipher:u1|rounds:r6|subbytes:t1|sbox:q3|Ram0" is uninferred due to asynchronous read logic
    Info (276007): RAM logic "aescipher:u1|rounds:r6|subbytes:t1|sbox:q4|Ram0" is uninferred due to asynchronous read logic
    Info (276007): RAM logic "aescipher:u1|rounds:r6|subbytes:t1|sbox:q9|Ram0" is uninferred due to asynchronous read logic
    Info (276007): RAM logic "aescipher:u1|rounds:r6|subbytes:t1|sbox:q14|Ram0" is uninferred due to asynchronous read logic
    Info (276007): RAM logic "aescipher:u1|rounds:r6|subbytes:t1|sbox:q2|Ram0" is uninferred due to asynchronous read logic
    Info (276007): RAM logic "aescipher:u1|rounds:r6|subbytes:t1|sbox:q7|Ram0" is uninferred due to asynchronous read logic
    Info (276007): RAM logic "aescipher:u1|rounds:r6|subbytes:t1|sbox:q8|Ram0" is uninferred due to asynchronous read logic
    Info (276007): RAM logic "aescipher:u1|rounds:r6|subbytes:t1|sbox:q13|Ram0" is uninferred due to asynchronous read logic
    Info (276007): RAM logic "aescipher:u1|rounds:r6|subbytes:t1|sbox:q1|Ram0" is uninferred due to asynchronous read logic
    Info (276007): RAM logic "aescipher:u1|rounds:r6|subbytes:t1|sbox:q6|Ram0" is uninferred due to asynchronous read logic
    Info (276007): RAM logic "aescipher:u1|rounds:r6|subbytes:t1|sbox:q11|Ram0" is uninferred due to asynchronous read logic
    Info (276007): RAM logic "aescipher:u1|rounds:r6|subbytes:t1|sbox:q12|Ram0" is uninferred due to asynchronous read logic
    Info (276007): RAM logic "aescipher:u1|rounds:r5|subbytes:t1|sbox:q0|Ram0" is uninferred due to asynchronous read logic
    Info (276007): RAM logic "aescipher:u1|rounds:r5|subbytes:t1|sbox:q5|Ram0" is uninferred due to asynchronous read logic
    Info (276007): RAM logic "aescipher:u1|rounds:r5|subbytes:t1|sbox:q10|Ram0" is uninferred due to asynchronous read logic
    Info (276007): RAM logic "aescipher:u1|rounds:r5|subbytes:t1|sbox:q16|Ram0" is uninferred due to asynchronous read logic
    Info (276007): RAM logic "aescipher:u1|rounds:r5|subbytes:t1|sbox:q3|Ram0" is uninferred due to asynchronous read logic
    Info (276007): RAM logic "aescipher:u1|rounds:r5|subbytes:t1|sbox:q4|Ram0" is uninferred due to asynchronous read logic
    Info (276007): RAM logic "aescipher:u1|rounds:r5|subbytes:t1|sbox:q9|Ram0" is uninferred due to asynchronous read logic
    Info (276007): RAM logic "aescipher:u1|rounds:r5|subbytes:t1|sbox:q14|Ram0" is uninferred due to asynchronous read logic
    Info (276007): RAM logic "aescipher:u1|rounds:r5|subbytes:t1|sbox:q2|Ram0" is uninferred due to asynchronous read logic
    Info (276007): RAM logic "aescipher:u1|rounds:r5|subbytes:t1|sbox:q7|Ram0" is uninferred due to asynchronous read logic
    Info (276007): RAM logic "aescipher:u1|rounds:r5|subbytes:t1|sbox:q8|Ram0" is uninferred due to asynchronous read logic
    Info (276007): RAM logic "aescipher:u1|rounds:r5|subbytes:t1|sbox:q13|Ram0" is uninferred due to asynchronous read logic
    Info (276007): RAM logic "aescipher:u1|rounds:r5|subbytes:t1|sbox:q1|Ram0" is uninferred due to asynchronous read logic
    Info (276007): RAM logic "aescipher:u1|rounds:r5|subbytes:t1|sbox:q6|Ram0" is uninferred due to asynchronous read logic
    Info (276007): RAM logic "aescipher:u1|rounds:r5|subbytes:t1|sbox:q11|Ram0" is uninferred due to asynchronous read logic
    Info (276007): RAM logic "aescipher:u1|rounds:r5|subbytes:t1|sbox:q12|Ram0" is uninferred due to asynchronous read logic
    Info (276007): RAM logic "aescipher:u1|rounds:r4|subbytes:t1|sbox:q0|Ram0" is uninferred due to asynchronous read logic
    Info (276007): RAM logic "aescipher:u1|rounds:r4|subbytes:t1|sbox:q5|Ram0" is uninferred due to asynchronous read logic
    Info (276007): RAM logic "aescipher:u1|rounds:r4|subbytes:t1|sbox:q10|Ram0" is uninferred due to asynchronous read logic
    Info (276007): RAM logic "aescipher:u1|rounds:r4|subbytes:t1|sbox:q16|Ram0" is uninferred due to asynchronous read logic
    Info (276007): RAM logic "aescipher:u1|rounds:r4|subbytes:t1|sbox:q3|Ram0" is uninferred due to asynchronous read logic
    Info (276007): RAM logic "aescipher:u1|rounds:r4|subbytes:t1|sbox:q4|Ram0" is uninferred due to asynchronous read logic
    Info (276007): RAM logic "aescipher:u1|rounds:r4|subbytes:t1|sbox:q9|Ram0" is uninferred due to asynchronous read logic
    Info (276007): RAM logic "aescipher:u1|rounds:r4|subbytes:t1|sbox:q14|Ram0" is uninferred due to asynchronous read logic
    Info (276007): RAM logic "aescipher:u1|rounds:r4|subbytes:t1|sbox:q2|Ram0" is uninferred due to asynchronous read logic
    Info (276007): RAM logic "aescipher:u1|rounds:r4|subbytes:t1|sbox:q7|Ram0" is uninferred due to asynchronous read logic
    Info (276007): RAM logic "aescipher:u1|rounds:r4|subbytes:t1|sbox:q8|Ram0" is uninferred due to asynchronous read logic
    Info (276007): RAM logic "aescipher:u1|rounds:r4|subbytes:t1|sbox:q13|Ram0" is uninferred due to asynchronous read logic
    Info (276007): RAM logic "aescipher:u1|rounds:r4|subbytes:t1|sbox:q1|Ram0" is uninferred due to asynchronous read logic
    Info (276007): RAM logic "aescipher:u1|rounds:r4|subbytes:t1|sbox:q6|Ram0" is uninferred due to asynchronous read logic
    Info (276007): RAM logic "aescipher:u1|rounds:r4|subbytes:t1|sbox:q11|Ram0" is uninferred due to asynchronous read logic
    Info (276007): RAM logic "aescipher:u1|rounds:r4|subbytes:t1|sbox:q12|Ram0" is uninferred due to asynchronous read logic
    Info (276007): RAM logic "aescipher:u1|rounds:r3|subbytes:t1|sbox:q0|Ram0" is uninferred due to asynchronous read logic
    Info (276007): RAM logic "aescipher:u1|rounds:r3|subbytes:t1|sbox:q5|Ram0" is uninferred due to asynchronous read logic
    Info (276007): RAM logic "aescipher:u1|rounds:r3|subbytes:t1|sbox:q10|Ram0" is uninferred due to asynchronous read logic
    Info (276007): RAM logic "aescipher:u1|rounds:r3|subbytes:t1|sbox:q16|Ram0" is uninferred due to asynchronous read logic
    Info (276007): RAM logic "aescipher:u1|rounds:r3|subbytes:t1|sbox:q3|Ram0" is uninferred due to asynchronous read logic
    Info (276007): RAM logic "aescipher:u1|rounds:r3|subbytes:t1|sbox:q4|Ram0" is uninferred due to asynchronous read logic
    Info (276007): RAM logic "aescipher:u1|rounds:r3|subbytes:t1|sbox:q9|Ram0" is uninferred due to asynchronous read logic
    Info (276007): RAM logic "aescipher:u1|rounds:r3|subbytes:t1|sbox:q14|Ram0" is uninferred due to asynchronous read logic
    Info (276007): RAM logic "aescipher:u1|rounds:r3|subbytes:t1|sbox:q2|Ram0" is uninferred due to asynchronous read logic
    Info (276007): RAM logic "aescipher:u1|rounds:r3|subbytes:t1|sbox:q7|Ram0" is uninferred due to asynchronous read logic
    Info (276007): RAM logic "aescipher:u1|rounds:r3|subbytes:t1|sbox:q8|Ram0" is uninferred due to asynchronous read logic
    Info (276007): RAM logic "aescipher:u1|rounds:r3|subbytes:t1|sbox:q13|Ram0" is uninferred due to asynchronous read logic
    Info (276007): RAM logic "aescipher:u1|rounds:r3|subbytes:t1|sbox:q1|Ram0" is uninferred due to asynchronous read logic
    Info (276007): RAM logic "aescipher:u1|rounds:r3|subbytes:t1|sbox:q6|Ram0" is uninferred due to asynchronous read logic
    Info (276007): RAM logic "aescipher:u1|rounds:r3|subbytes:t1|sbox:q11|Ram0" is uninferred due to asynchronous read logic
    Info (276007): RAM logic "aescipher:u1|rounds:r3|subbytes:t1|sbox:q12|Ram0" is uninferred due to asynchronous read logic
    Info (276007): RAM logic "aescipher:u1|rounds:r2|subbytes:t1|sbox:q0|Ram0" is uninferred due to asynchronous read logic
    Info (276007): RAM logic "aescipher:u1|rounds:r2|subbytes:t1|sbox:q5|Ram0" is uninferred due to asynchronous read logic
    Info (276007): RAM logic "aescipher:u1|rounds:r2|subbytes:t1|sbox:q10|Ram0" is uninferred due to asynchronous read logic
    Info (276007): RAM logic "aescipher:u1|rounds:r2|subbytes:t1|sbox:q16|Ram0" is uninferred due to asynchronous read logic
    Info (276007): RAM logic "aescipher:u1|rounds:r2|subbytes:t1|sbox:q3|Ram0" is uninferred due to asynchronous read logic
    Info (276007): RAM logic "aescipher:u1|rounds:r2|subbytes:t1|sbox:q4|Ram0" is uninferred due to asynchronous read logic
    Info (276007): RAM logic "aescipher:u1|rounds:r2|subbytes:t1|sbox:q9|Ram0" is uninferred due to asynchronous read logic
    Info (276007): RAM logic "aescipher:u1|rounds:r2|subbytes:t1|sbox:q14|Ram0" is uninferred due to asynchronous read logic
    Info (276007): RAM logic "aescipher:u1|rounds:r2|subbytes:t1|sbox:q2|Ram0" is uninferred due to asynchronous read logic
    Info (276007): RAM logic "aescipher:u1|rounds:r2|subbytes:t1|sbox:q7|Ram0" is uninferred due to asynchronous read logic
    Info (276007): RAM logic "aescipher:u1|rounds:r2|subbytes:t1|sbox:q8|Ram0" is uninferred due to asynchronous read logic
    Info (276007): RAM logic "aescipher:u1|rounds:r2|subbytes:t1|sbox:q13|Ram0" is uninferred due to asynchronous read logic
    Info (276007): RAM logic "aescipher:u1|rounds:r2|subbytes:t1|sbox:q1|Ram0" is uninferred due to asynchronous read logic
    Info (276007): RAM logic "aescipher:u1|rounds:r2|subbytes:t1|sbox:q6|Ram0" is uninferred due to asynchronous read logic
    Info (276007): RAM logic "aescipher:u1|rounds:r2|subbytes:t1|sbox:q11|Ram0" is uninferred due to asynchronous read logic
    Info (276007): RAM logic "aescipher:u1|rounds:r2|subbytes:t1|sbox:q12|Ram0" is uninferred due to asynchronous read logic
    Info (276007): RAM logic "aescipher:u1|rounds:r1|subbytes:t1|sbox:q0|Ram0" is uninferred due to asynchronous read logic
    Info (276007): RAM logic "aescipher:u1|rounds:r1|subbytes:t1|sbox:q5|Ram0" is uninferred due to asynchronous read logic
    Info (276007): RAM logic "aescipher:u1|rounds:r1|subbytes:t1|sbox:q10|Ram0" is uninferred due to asynchronous read logic
    Info (276007): RAM logic "aescipher:u1|rounds:r1|subbytes:t1|sbox:q16|Ram0" is uninferred due to asynchronous read logic
    Info (276007): RAM logic "aescipher:u1|rounds:r1|subbytes:t1|sbox:q3|Ram0" is uninferred due to asynchronous read logic
    Info (276007): RAM logic "aescipher:u1|rounds:r1|subbytes:t1|sbox:q4|Ram0" is uninferred due to asynchronous read logic
    Info (276007): RAM logic "aescipher:u1|rounds:r1|subbytes:t1|sbox:q9|Ram0" is uninferred due to asynchronous read logic
    Info (276007): RAM logic "aescipher:u1|rounds:r1|subbytes:t1|sbox:q14|Ram0" is uninferred due to asynchronous read logic
    Info (276007): RAM logic "aescipher:u1|rounds:r1|subbytes:t1|sbox:q2|Ram0" is uninferred due to asynchronous read logic
    Info (276007): RAM logic "aescipher:u1|rounds:r1|subbytes:t1|sbox:q7|Ram0" is uninferred due to asynchronous read logic
    Info (276007): RAM logic "aescipher:u1|rounds:r1|subbytes:t1|sbox:q8|Ram0" is uninferred due to asynchronous read logic
    Info (276007): RAM logic "aescipher:u1|rounds:r1|subbytes:t1|sbox:q13|Ram0" is uninferred due to asynchronous read logic
    Info (276007): RAM logic "aescipher:u1|rounds:r1|subbytes:t1|sbox:q1|Ram0" is uninferred due to asynchronous read logic
    Info (276007): RAM logic "aescipher:u1|rounds:r1|subbytes:t1|sbox:q6|Ram0" is uninferred due to asynchronous read logic
    Info (276007): RAM logic "aescipher:u1|rounds:r1|subbytes:t1|sbox:q11|Ram0" is uninferred due to asynchronous read logic
    Info (276007): RAM logic "aescipher:u1|rounds:r1|subbytes:t1|sbox:q12|Ram0" is uninferred due to asynchronous read logic
Warning (13024): Output pins are stuck at VCC or GND
    Warning (13410): Pin "finalout[0]" is stuck at VCC
    Warning (13410): Pin "finalout[1]" is stuck at GND
    Warning (13410): Pin "finalout[2]" is stuck at VCC
    Warning (13410): Pin "finalout[3]" is stuck at GND
    Warning (13410): Pin "finalout[4]" is stuck at VCC
    Warning (13410): Pin "finalout[5]" is stuck at VCC
    Warning (13410): Pin "finalout[6]" is stuck at VCC
    Warning (13410): Pin "finalout[7]" is stuck at VCC
    Warning (13410): Pin "finalout[8]" is stuck at GND
    Warning (13410): Pin "finalout[9]" is stuck at GND
    Warning (13410): Pin "finalout[10]" is stuck at GND
    Warning (13410): Pin "finalout[11]" is stuck at VCC
    Warning (13410): Pin "finalout[12]" is stuck at VCC
    Warning (13410): Pin "finalout[13]" is stuck at GND
    Warning (13410): Pin "finalout[14]" is stuck at VCC
    Warning (13410): Pin "finalout[15]" is stuck at GND
    Warning (13410): Pin "finalout[16]" is stuck at GND
    Warning (13410): Pin "finalout[17]" is stuck at VCC
    Warning (13410): Pin "finalout[18]" is stuck at VCC
    Warning (13410): Pin "finalout[19]" is stuck at VCC
    Warning (13410): Pin "finalout[20]" is stuck at GND
    Warning (13410): Pin "finalout[21]" is stuck at VCC
    Warning (13410): Pin "finalout[22]" is stuck at GND
    Warning (13410): Pin "finalout[23]" is stuck at VCC
    Warning (13410): Pin "finalout[24]" is stuck at VCC
    Warning (13410): Pin "finalout[25]" is stuck at VCC
    Warning (13410): Pin "finalout[26]" is stuck at GND
    Warning (13410): Pin "finalout[27]" is stuck at VCC
    Warning (13410): Pin "finalout[28]" is stuck at VCC
    Warning (13410): Pin "finalout[29]" is stuck at VCC
    Warning (13410): Pin "finalout[30]" is stuck at GND
    Warning (13410): Pin "finalout[31]" is stuck at GND
    Warning (13410): Pin "finalout[32]" is stuck at GND
    Warning (13410): Pin "finalout[33]" is stuck at VCC
    Warning (13410): Pin "finalout[34]" is stuck at GND
    Warning (13410): Pin "finalout[35]" is stuck at GND
    Warning (13410): Pin "finalout[36]" is stuck at GND
    Warning (13410): Pin "finalout[37]" is stuck at GND
    Warning (13410): Pin "finalout[38]" is stuck at GND
    Warning (13410): Pin "finalout[39]" is stuck at VCC
    Warning (13410): Pin "finalout[40]" is stuck at GND
    Warning (13410): Pin "finalout[41]" is stuck at VCC
    Warning (13410): Pin "finalout[42]" is stuck at GND
    Warning (13410): Pin "finalout[43]" is stuck at VCC
    Warning (13410): Pin "finalout[44]" is stuck at GND
    Warning (13410): Pin "finalout[45]" is stuck at GND
    Warning (13410): Pin "finalout[46]" is stuck at VCC
    Warning (13410): Pin "finalout[47]" is stuck at GND
    Warning (13410): Pin "finalout[48]" is stuck at GND
    Warning (13410): Pin "finalout[49]" is stuck at VCC
    Warning (13410): Pin "finalout[50]" is stuck at GND
    Warning (13410): Pin "finalout[51]" is stuck at GND
    Warning (13410): Pin "finalout[52]" is stuck at VCC
    Warning (13410): Pin "finalout[53]" is stuck at VCC
    Warning (13410): Pin "finalout[54]" is stuck at VCC
    Warning (13410): Pin "finalout[55]" is stuck at VCC
    Warning (13410): Pin "finalout[56]" is stuck at GND
    Warning (13410): Pin "finalout[57]" is stuck at GND
    Warning (13410): Pin "finalout[58]" is stuck at GND
    Warning (13410): Pin "finalout[59]" is stuck at VCC
    Warning (13410): Pin "finalout[60]" is stuck at GND
    Warning (13410): Pin "finalout[61]" is stuck at GND
    Warning (13410): Pin "finalout[62]" is stuck at GND
    Warning (13410): Pin "finalout[63]" is stuck at VCC
    Warning (13410): Pin "finalout[64]" is stuck at VCC
    Warning (13410): Pin "finalout[65]" is stuck at GND
    Warning (13410): Pin "finalout[66]" is stuck at VCC
    Warning (13410): Pin "finalout[67]" is stuck at GND
    Warning (13410): Pin "finalout[68]" is stuck at VCC
    Warning (13410): Pin "finalout[69]" is stuck at GND
    Warning (13410): Pin "finalout[70]" is stuck at VCC
    Warning (13410): Pin "finalout[71]" is stuck at GND
    Warning (13410): Pin "finalout[72]" is stuck at GND
    Warning (13410): Pin "finalout[73]" is stuck at GND
    Warning (13410): Pin "finalout[74]" is stuck at GND
    Warning (13410): Pin "finalout[75]" is stuck at GND
    Warning (13410): Pin "finalout[76]" is stuck at GND
    Warning (13410): Pin "finalout[77]" is stuck at VCC
    Warning (13410): Pin "finalout[78]" is stuck at GND
    Warning (13410): Pin "finalout[79]" is stuck at VCC
    Warning (13410): Pin "finalout[80]" is stuck at GND
    Warning (13410): Pin "finalout[81]" is stuck at VCC
    Warning (13410): Pin "finalout[82]" is stuck at GND
    Warning (13410): Pin "finalout[83]" is stuck at GND
    Warning (13410): Pin "finalout[84]" is stuck at GND
    Warning (13410): Pin "finalout[85]" is stuck at VCC
    Warning (13410): Pin "finalout[86]" is stuck at VCC
    Warning (13410): Pin "finalout[87]" is stuck at VCC
    Warning (13410): Pin "finalout[88]" is stuck at VCC
    Warning (13410): Pin "finalout[89]" is stuck at VCC
    Warning (13410): Pin "finalout[90]" is stuck at VCC
    Warning (13410): Pin "finalout[91]" is stuck at VCC
    Warning (13410): Pin "finalout[92]" is stuck at VCC
    Warning (13410): Pin "finalout[93]" is stuck at VCC
    Warning (13410): Pin "finalout[94]" is stuck at VCC
    Warning (13410): Pin "finalout[95]" is stuck at GND
    Warning (13410): Pin "finalout[96]" is stuck at GND
    Warning (13410): Pin "finalout[97]" is stuck at VCC
    Warning (13410): Pin "finalout[98]" is stuck at VCC
    Warning (13410): Pin "finalout[99]" is stuck at VCC
    Warning (13410): Pin "finalout[100]" is stuck at GND
    Warning (13410): Pin "finalout[101]" is stuck at VCC
    Warning (13410): Pin "finalout[102]" is stuck at GND
    Warning (13410): Pin "finalout[103]" is stuck at GND
    Warning (13410): Pin "finalout[104]" is stuck at GND
    Warning (13410): Pin "finalout[105]" is stuck at GND
    Warning (13410): Pin "finalout[106]" is stuck at GND
    Warning (13410): Pin "finalout[107]" is stuck at GND
    Warning (13410): Pin "finalout[108]" is stuck at VCC
    Warning (13410): Pin "finalout[109]" is stuck at GND
    Warning (13410): Pin "finalout[110]" is stuck at GND
    Warning (13410): Pin "finalout[111]" is stuck at GND
    Warning (13410): Pin "finalout[112]" is stuck at GND
    Warning (13410): Pin "finalout[113]" is stuck at VCC
    Warning (13410): Pin "finalout[114]" is stuck at VCC
    Warning (13410): Pin "finalout[115]" is stuck at GND
    Warning (13410): Pin "finalout[116]" is stuck at VCC
    Warning (13410): Pin "finalout[117]" is stuck at VCC
    Warning (13410): Pin "finalout[118]" is stuck at GND
    Warning (13410): Pin "finalout[119]" is stuck at GND
    Warning (13410): Pin "finalout[120]" is stuck at GND
    Warning (13410): Pin "finalout[121]" is stuck at VCC
    Warning (13410): Pin "finalout[122]" is stuck at GND
    Warning (13410): Pin "finalout[123]" is stuck at GND
    Warning (13410): Pin "finalout[124]" is stuck at GND
    Warning (13410): Pin "finalout[125]" is stuck at GND
    Warning (13410): Pin "finalout[126]" is stuck at VCC
    Warning (13410): Pin "finalout[127]" is stuck at GND
Info (16010): Generating hard_block partition "hard_block:auto_generated_inst"
    Info (16011): Adding 0 node(s), including 0 DDIO, 0 PLL, 0 transceiver and 0 LCELL
Warning (21074): Design contains 129 input pin(s) that do not drive logic
    Warning (15610): No output dependent on input pin "startin[0]"
    Warning (15610): No output dependent on input pin "startin[1]"
    Warning (15610): No output dependent on input pin "startin[2]"
    Warning (15610): No output dependent on input pin "startin[3]"
    Warning (15610): No output dependent on input pin "startin[4]"
    Warning (15610): No output dependent on input pin "startin[5]"
    Warning (15610): No output dependent on input pin "startin[6]"
    Warning (15610): No output dependent on input pin "startin[7]"
    Warning (15610): No output dependent on input pin "startin[8]"
    Warning (15610): No output dependent on input pin "startin[9]"
    Warning (15610): No output dependent on input pin "startin[10]"
    Warning (15610): No output dependent on input pin "startin[11]"
    Warning (15610): No output dependent on input pin "startin[12]"
    Warning (15610): No output dependent on input pin "startin[13]"
    Warning (15610): No output dependent on input pin "startin[14]"
    Warning (15610): No output dependent on input pin "startin[15]"
    Warning (15610): No output dependent on input pin "startin[16]"
    Warning (15610): No output dependent on input pin "startin[17]"
    Warning (15610): No output dependent on input pin "startin[18]"
    Warning (15610): No output dependent on input pin "startin[19]"
    Warning (15610): No output dependent on input pin "startin[20]"
    Warning (15610): No output dependent on input pin "startin[21]"
    Warning (15610): No output dependent on input pin "startin[22]"
    Warning (15610): No output dependent on input pin "startin[23]"
    Warning (15610): No output dependent on input pin "startin[24]"
    Warning (15610): No output dependent on input pin "startin[25]"
    Warning (15610): No output dependent on input pin "startin[26]"
    Warning (15610): No output dependent on input pin "startin[27]"
    Warning (15610): No output dependent on input pin "startin[28]"
    Warning (15610): No output dependent on input pin "startin[29]"
    Warning (15610): No output dependent on input pin "startin[30]"
    Warning (15610): No output dependent on input pin "startin[31]"
    Warning (15610): No output dependent on input pin "startin[32]"
    Warning (15610): No output dependent on input pin "startin[33]"
    Warning (15610): No output dependent on input pin "startin[34]"
    Warning (15610): No output dependent on input pin "startin[35]"
    Warning (15610): No output dependent on input pin "startin[36]"
    Warning (15610): No output dependent on input pin "startin[37]"
    Warning (15610): No output dependent on input pin "startin[38]"
    Warning (15610): No output dependent on input pin "startin[39]"
    Warning (15610): No output dependent on input pin "startin[40]"
    Warning (15610): No output dependent on input pin "startin[41]"
    Warning (15610): No output dependent on input pin "startin[42]"
    Warning (15610): No output dependent on input pin "startin[43]"
    Warning (15610): No output dependent on input pin "startin[44]"
    Warning (15610): No output dependent on input pin "startin[45]"
    Warning (15610): No output dependent on input pin "startin[46]"
    Warning (15610): No output dependent on input pin "startin[47]"
    Warning (15610): No output dependent on input pin "startin[48]"
    Warning (15610): No output dependent on input pin "startin[49]"
    Warning (15610): No output dependent on input pin "startin[50]"
    Warning (15610): No output dependent on input pin "startin[51]"
    Warning (15610): No output dependent on input pin "startin[52]"
    Warning (15610): No output dependent on input pin "startin[53]"
    Warning (15610): No output dependent on input pin "startin[54]"
    Warning (15610): No output dependent on input pin "startin[55]"
    Warning (15610): No output dependent on input pin "startin[56]"
    Warning (15610): No output dependent on input pin "startin[57]"
    Warning (15610): No output dependent on input pin "startin[58]"
    Warning (15610): No output dependent on input pin "startin[59]"
    Warning (15610): No output dependent on input pin "startin[60]"
    Warning (15610): No output dependent on input pin "startin[61]"
    Warning (15610): No output dependent on input pin "startin[62]"
    Warning (15610): No output dependent on input pin "startin[63]"
    Warning (15610): No output dependent on input pin "startin[64]"
    Warning (15610): No output dependent on input pin "startin[65]"
    Warning (15610): No output dependent on input pin "startin[66]"
    Warning (15610): No output dependent on input pin "startin[67]"
    Warning (15610): No output dependent on input pin "startin[68]"
    Warning (15610): No output dependent on input pin "startin[69]"
    Warning (15610): No output dependent on input pin "startin[70]"
    Warning (15610): No output dependent on input pin "startin[71]"
    Warning (15610): No output dependent on input pin "startin[72]"
    Warning (15610): No output dependent on input pin "startin[73]"
    Warning (15610): No output dependent on input pin "startin[74]"
    Warning (15610): No output dependent on input pin "startin[75]"
    Warning (15610): No output dependent on input pin "startin[76]"
    Warning (15610): No output dependent on input pin "startin[77]"
    Warning (15610): No output dependent on input pin "startin[78]"
    Warning (15610): No output dependent on input pin "startin[79]"
    Warning (15610): No output dependent on input pin "startin[80]"
    Warning (15610): No output dependent on input pin "startin[81]"
    Warning (15610): No output dependent on input pin "startin[82]"
    Warning (15610): No output dependent on input pin "startin[83]"
    Warning (15610): No output dependent on input pin "startin[84]"
    Warning (15610): No output dependent on input pin "startin[85]"
    Warning (15610): No output dependent on input pin "startin[86]"
    Warning (15610): No output dependent on input pin "startin[87]"
    Warning (15610): No output dependent on input pin "startin[88]"
    Warning (15610): No output dependent on input pin "startin[89]"
    Warning (15610): No output dependent on input pin "startin[90]"
    Warning (15610): No output dependent on input pin "startin[91]"
    Warning (15610): No output dependent on input pin "startin[92]"
    Warning (15610): No output dependent on input pin "startin[93]"
    Warning (15610): No output dependent on input pin "startin[94]"
    Warning (15610): No output dependent on input pin "startin[95]"
    Warning (15610): No output dependent on input pin "startin[96]"
    Warning (15610): No output dependent on input pin "startin[97]"
    Warning (15610): No output dependent on input pin "startin[98]"
    Warning (15610): No output dependent on input pin "startin[99]"
    Warning (15610): No output dependent on input pin "startin[100]"
    Warning (15610): No output dependent on input pin "startin[101]"
    Warning (15610): No output dependent on input pin "startin[102]"
    Warning (15610): No output dependent on input pin "startin[103]"
    Warning (15610): No output dependent on input pin "startin[104]"
    Warning (15610): No output dependent on input pin "startin[105]"
    Warning (15610): No output dependent on input pin "startin[106]"
    Warning (15610): No output dependent on input pin "startin[107]"
    Warning (15610): No output dependent on input pin "startin[108]"
    Warning (15610): No output dependent on input pin "startin[109]"
    Warning (15610): No output dependent on input pin "startin[110]"
    Warning (15610): No output dependent on input pin "startin[111]"
    Warning (15610): No output dependent on input pin "startin[112]"
    Warning (15610): No output dependent on input pin "startin[113]"
    Warning (15610): No output dependent on input pin "startin[114]"
    Warning (15610): No output dependent on input pin "startin[115]"
    Warning (15610): No output dependent on input pin "startin[116]"
    Warning (15610): No output dependent on input pin "startin[117]"
    Warning (15610): No output dependent on input pin "startin[118]"
    Warning (15610): No output dependent on input pin "startin[119]"
    Warning (15610): No output dependent on input pin "startin[120]"
    Warning (15610): No output dependent on input pin "startin[121]"
    Warning (15610): No output dependent on input pin "startin[122]"
    Warning (15610): No output dependent on input pin "startin[123]"
    Warning (15610): No output dependent on input pin "startin[124]"
    Warning (15610): No output dependent on input pin "startin[125]"
    Warning (15610): No output dependent on input pin "startin[126]"
    Warning (15610): No output dependent on input pin "startin[127]"
    Warning (15610): No output dependent on input pin "clk"
Info (21057): Implemented 257 device resources after synthesis - the final resource count might be different
    Info (21058): Implemented 129 input pins
    Info (21059): Implemented 128 output pins
Info: Quartus II 64-Bit Analysis & Synthesis was successful. 0 errors, 260 warnings
    Info: Peak virtual memory: 4696 megabytes
    Info: Processing ended: Mon Nov 25 18:15:00 2019
    Info: Elapsed time: 00:00:08
    Info: Total CPU time (on all processors): 00:00:07


